info: Server is running on port :4444 {"timestamp":"2021-05-14T12:12:18.371Z"}
info: Server is running on port :4444 {"timestamp":"2021-05-14T12:13:21.806Z"}
info: user registered successfully {"timestamp":"2021-05-14T12:14:53.983Z"}
info: invalid username / password {"timestamp":"2021-05-14T12:15:09.445Z"}
info: login successful {"timestamp":"2021-05-14T12:16:11.123Z"}
info: user found {"timestamp":"2021-05-14T12:16:28.519Z"}
info: review found {"timestamp":"2021-05-14T12:16:48.387Z"}
info: review saved succesfully {"timestamp":"2021-05-14T12:17:04.896Z"}
info: Server is running on port :4444 {"timestamp":"2021-05-15 01:25:22"}
info: Server is running on port :4444 {"timestamp":"2021-05-14T19:57:10.712Z"}
info: Server is running on port :4444 {"timestamp":"2021-05-15T08:56:25.137Z"}
info: user found {"timestamp":"2021-05-15T08:56:52.018Z"}
info: user found {"timestamp":"2021-05-15T09:06:55.911Z"}
info: Server is running on port :4444 {"timestamp":"2021-05-15T11:47:04.991Z"}
info: login successful {"timestamp":"2021-05-15T11:47:33.340Z"}
info: user found {"timestamp":"2021-05-15T11:47:51.851Z"}
info: user found {"timestamp":"2021-05-15T12:01:35.386Z"}
info: review saved succesfully {"timestamp":"2021-05-15T12:01:59.127Z"}
info: user found {"timestamp":"2021-05-15T12:02:12.309Z"}
info: review found {"timestamp":"2021-05-15T12:02:15.419Z"}
info: user found {"timestamp":"2021-05-15T12:07:09.209Z"}
info: user found {"timestamp":"2021-05-15T12:11:37.097Z"}
info: user found {"timestamp":"2021-05-15T12:14:48.557Z"}
info: review found {"timestamp":"2021-05-15T12:19:25.679Z"}
info: review found {"timestamp":"2021-05-15T12:19:27.301Z"}
info: user found {"timestamp":"2021-05-15T12:19:51.788Z"}
info: review found {"timestamp":"2021-05-15T12:33:04.106Z"}
info: user found {"timestamp":"2021-05-15T12:36:27.585Z"}
info: review found {"timestamp":"2021-05-15T12:37:56.154Z"}
info: user found {"timestamp":"2021-05-15T12:40:50.234Z"}
info: user found {"timestamp":"2021-05-15T12:45:02.449Z"}
info: review found {"timestamp":"2021-05-15T12:51:18.063Z"}
info: user found {"timestamp":"2021-05-15T12:51:53.997Z"}
info: review found {"timestamp":"2021-05-15T12:52:09.938Z"}
info: review found {"timestamp":"2021-05-15T12:52:12.000Z"}
info: user found {"timestamp":"2021-05-15T12:52:30.164Z"}
info: review found {"timestamp":"2021-05-15T12:52:33.957Z"}
info: user found {"timestamp":"2021-05-15T13:19:35.276Z"}
info: review saved succesfully {"timestamp":"2021-05-15T13:20:36.726Z"}
info: review found {"timestamp":"2021-05-15T13:20:39.556Z"}
info: user found {"timestamp":"2021-05-15T13:44:45.180Z"}
info: user found {"timestamp":"2021-05-15T13:45:20.319Z"}
info: login successful {"timestamp":"2021-05-15T13:45:25.186Z"}
info: user found {"timestamp":"2021-05-15T13:45:32.388Z"}
info: Server is running on port :4444 {"timestamp":"2021-05-15T14:12:35.327Z"}
info: user found {"timestamp":"2021-05-15T14:18:20.545Z"}
info: review found {"timestamp":"2021-05-15T14:18:42.158Z"}
info: user found {"timestamp":"2021-05-15T14:19:15.024Z"}
info: review found {"timestamp":"2021-05-15T14:19:51.039Z"}
info: user found {"timestamp":"2021-05-15T14:20:13.613Z"}
info: login successful {"timestamp":"2021-05-15T14:20:18.921Z"}
info: user found {"timestamp":"2021-05-15T14:20:24.925Z"}
info: user found {"timestamp":"2021-05-15T14:23:21.182Z"}
info: user found {"timestamp":"2021-05-15T14:28:49.649Z"}
info: user found {"timestamp":"2021-05-15T14:35:21.569Z"}
info: user found {"timestamp":"2021-05-15T14:51:17.994Z"}
info: user found {"timestamp":"2021-05-15T14:53:38.666Z"}
info: user found {"timestamp":"2021-05-15T14:54:20.104Z"}
info: user found {"timestamp":"2021-05-15T14:56:01.357Z"}
info: review found {"timestamp":"2021-05-15T14:58:47.228Z"}
info: user found {"timestamp":"2021-05-15T15:07:55.515Z"}
info: review found {"timestamp":"2021-05-15T15:07:58.404Z"}
info: user found {"timestamp":"2021-05-15T15:08:21.860Z"}
info: user found {"timestamp":"2021-05-15T15:17:16.527Z"}
info: review found {"timestamp":"2021-05-15T15:17:21.700Z"}
info: user found {"timestamp":"2021-05-15T15:19:38.563Z"}
info: user found {"timestamp":"2021-05-15T15:19:41.172Z"}
info: user found {"timestamp":"2021-05-15T15:19:49.454Z"}
info: review found {"timestamp":"2021-05-15T15:19:53.864Z"}
